[debug] [2026-04-05T09:00:58.866Z] ----------------------------------------------------------------------
[debug] [2026-04-05T09:00:58.868Z] Command:       C:\Program Files\nodejs\node.exe C:\Users\manoo\AppData\Roaming\npm\node_modules\firebase-tools\lib\bin\firebase.js init
[debug] [2026-04-05T09:00:58.868Z] CLI Version:   15.12.0
[debug] [2026-04-05T09:00:58.868Z] Platform:      win32
[debug] [2026-04-05T09:00:58.868Z] Node Version:  v24.14.1
[debug] [2026-04-05T09:00:58.868Z] Time:          Sun Apr 05 2026 17:00:58 GMT+0800 (Taiwan Standard Time)
[debug] [2026-04-05T09:00:58.868Z] ----------------------------------------------------------------------
[debug] 
[info] 
     ######## #### ########  ######## ########     ###     ######  ########
     ##        ##  ##     ## ##       ##     ##  ##   ##  ##       ##
     ######    ##  ########  ######   ########  #########  ######  ######
     ##        ##  ##    ##  ##       ##     ## ##     ##       ## ##
     ##       #### ##     ## ######## ########  ##     ##  ######  ########

You're about to initialize a Firebase project in this directory:

  C:\Users\manoo\OneDrive\Documents\miles-netflixclone\miles-netflixclone

[debug] [2026-04-05T09:06:08.943Z] ExitPromptError: User force closed the prompt with SIGINT
    at Interface.sigint (C:\Users\manoo\AppData\Roaming\npm\node_modules\firebase-tools\node_modules\@inquirer\core\dist\commonjs\lib\create-prompt.js:101:37)
    at Interface.emit (node:events:508:28)
    at [_ttyWrite] [as _ttyWrite] (node:internal/readline/interface:1327:18)
    at ReadStream.onkeypress (node:internal/readline/interface:284:20)
    at ReadStream.emit (node:events:520:35)
    at emitKeys (node:internal/readline/utils:371:14)
    at emitKeys.next (<anonymous>)
    at ReadStream.onData (node:internal/readline/emitKeypressEvents:64:36)
    at ReadStream.emit (node:events:508:28)
    at addChunk (node:internal/streams/readable:563:12)
[error] 
[error] Error: An unexpected error has occurred.
